#
# There is insufficient memory for the Java Runtime Environment to continue.
# Native memory allocation (malloc) failed to allocate 236016 bytes for Chunk::new
# Possible reasons:
#   The system is out of physical RAM or swap space
#   In 32 bit mode, the process size limit was hit
# Possible solutions:
#   Reduce memory load on the system
#   Increase physical memory or swap space
#   Check if swap backing store is full
#   Use 64 bit Java on a 64 bit OS
#   Decrease Java heap size (-Xmx/-Xms)
#   Decrease number of Java threads
#   Decrease Java thread stack sizes (-Xss)
#   Set larger code cache with -XX:ReservedCodeCacheSize=
# This output file may be truncated or incomplete.
#
#  Out of Memory Error (allocation.cpp:390), pid=10736, tid=0x000000000000b1b0
#
# JRE version: Java(TM) SE Runtime Environment (8.0_92-b14) (build 1.8.0_92-b14)
# Java VM: Java HotSpot(TM) 64-Bit Server VM (25.92-b14 mixed mode windows-amd64 compressed oops)
# Failed to write core dump. Minidumps are not enabled by default on client versions of Windows
#

---------------  T H R E A D  ---------------

Current thread (0x00000000180dc000):  JavaThread "C2 CompilerThread1" daemon [_thread_in_native, id=45488, stack(0x0000000019ae0000,0x0000000019be0000)]

Stack: [0x0000000019ae0000,0x0000000019be0000]
[error occurred during error reporting (printing stack bounds), id 0xc0000005]

Native frames: (J=compiled Java code, j=interpreted, Vv=VM code, C=native code)


Current CompileTask:
C2:   5021 4013  s    4       java.util.jar.JarFile::getInputStream (89 bytes)


---------------  P R O C E S S  ---------------

Java Threads: ( => current thread )
  0x000000001b33b800 JavaThread "localhost-startStop-1" daemon [_thread_in_Java, id=7824, stack(0x000000001e800000,0x000000001e900000)]
  0x000000001beba800 JavaThread "Tomcat-startStop-1" daemon [_thread_blocked, id=39520, stack(0x000000001e700000,0x000000001e800000)]
  0x0000000019467000 JavaThread "Service Thread" daemon [_thread_blocked, id=36224, stack(0x0000000019ce0000,0x0000000019de0000)]
  0x00000000193f2800 JavaThread "C1 CompilerThread2" daemon [_thread_blocked, id=44912, stack(0x0000000019be0000,0x0000000019ce0000)]
=>0x00000000180dc000 JavaThread "C2 CompilerThread1" daemon [_thread_in_native, id=45488, stack(0x0000000019ae0000,0x0000000019be0000)]
  0x00000000180d9000 JavaThread "C2 CompilerThread0" daemon [_thread_in_native, id=48152, stack(0x00000000199e0000,0x0000000019ae0000)]
  0x000000001808e000 JavaThread "Attach Listener" daemon [_thread_blocked, id=20116, stack(0x00000000198e0000,0x00000000199e0000)]
  0x00000000193e8800 JavaThread "Signal Dispatcher" daemon [_thread_blocked, id=50712, stack(0x00000000197e0000,0x00000000198e0000)]
  0x000000001806a800 JavaThread "Finalizer" daemon [_thread_blocked, id=53128, stack(0x00000000192e0000,0x00000000193e0000)]
  0x0000000018049000 JavaThread "Reference Handler" daemon [_thread_blocked, id=51568, stack(0x00000000191e0000,0x00000000192e0000)]
  0x0000000002f20800 JavaThread "main" [_thread_blocked, id=52728, stack(0x0000000001610000,0x0000000001710000)]

Other Threads:
  0x0000000018046000 VMThread [stack: 0x00000000190e0000,0x00000000191e0000] [id=51720]
  0x00000000194ab000 WatcherThread [stack: 0x0000000019de0000,0x0000000019ee0000] [id=47164]

VM state:not at safepoint (normal execution)

VM Mutex/Monitor currently owned by a thread: None

Heap:
 PSYoungGen      total 78848K, used 40410K [0x00000000d5f80000, 0x00000000dda00000, 0x0000000100000000)
  eden space 66560K, 42% used [0x00000000d5f80000,0x00000000d7af8e78,0x00000000da080000)
  from space 12288K, 99% used [0x00000000dce00000,0x00000000dd9fdb58,0x00000000dda00000)
  to   space 5120K, 0% used [0x00000000da080000,0x00000000da080000,0x00000000da580000)
 ParOldGen       total 68608K, used 24975K [0x0000000081e00000, 0x0000000086100000, 0x00000000d5f80000)
  object space 68608K, 36% used [0x0000000081e00000,0x0000000083663d10,0x0000000086100000)
 Metaspace       used 23777K, capacity 24296K, committed 24496K, reserved 1071104K
  class space    used 2777K, capacity 2901K, committed 2992K, reserved 1048576K

Card table byte_map: [0x0000000012a20000,0x0000000012e20000] byte_map_base: 0x0000000012611000

Marking Bits: (ParMarkBitMap*) 0x00000000638364f0
 Begin Bits: [0x00000000133d0000, 0x0000000015358000)
 End Bits:   [0x0000000015358000, 0x00000000172e0000)

Polling page: 0x0000000001120000

CodeCache: size=245760Kb used=11311Kb max_used=12697Kb free=234448Kb
 bounds [0x0000000003660000, 0x00000000042f0000, 0x0000000012660000]
 total_blobs=3865 nmethods=3459 adapters=318
 compilation: enabled

Compilation events (10 events):
Event: 4.965 Thread 0x00000000180dc000 nmethod 4008 0x00000000039e5550 code [0x00000000039e56e0, 0x00000000039e5ee8]
Event: 4.966 Thread 0x00000000180dc000 4009       4       java.util.WeakHashMap::put (162 bytes)
Event: 4.968 Thread 0x00000000193f2800 4010       3       org.codehaus.plexus.classworlds.realm.Entry::matches (282 bytes)
Event: 4.969 Thread 0x00000000193f2800 nmethod 4010 0x000000000414f2d0 code [0x000000000414f6a0, 0x0000000004152438]
Event: 4.971 Thread 0x00000000180dc000 nmethod 4009 0x0000000003836a90 code [0x0000000003836c00, 0x0000000003837038]
Event: 4.974 Thread 0x00000000180dc000 4011       4       org.apache.tomcat.util.bcel.classfile.JavaClass::getAnnotationEntries (121 bytes)
Event: 4.980 Thread 0x00000000193f2800 4012       3       org.apache.tomcat.util.bcel.classfile.ElementValue::<init> (15 bytes)
Event: 4.980 Thread 0x00000000193f2800 nmethod 4012 0x0000000003b62990 code [0x0000000003b62ae0, 0x0000000003b62cb0]
Event: 4.984 Thread 0x00000000180dc000 nmethod 4011 0x00000000039dc510 code [0x00000000039dc680, 0x00000000039dce38]
Event: 4.986 Thread 0x00000000180dc000 4013  s    4       java.util.jar.JarFile::getInputStream (89 bytes)

GC Heap History (10 events):
Event: 3.750 GC heap before
{Heap before GC invocations=5 (full 0):
 PSYoungGen      total 71680K, used 71656K [0x00000000d5f80000, 0x00000000daa80000, 0x0000000100000000)
  eden space 66560K, 100% used [0x00000000d5f80000,0x00000000da080000,0x00000000da080000)
  from space 5120K, 99% used [0x00000000da580000,0x00000000daa7a020,0x00000000daa80000)
  to   space 5120K, 0% used [0x00000000da080000,0x00000000da080000,0x00000000da580000)
 ParOldGen       total 87552K, used 8591K [0x0000000081e00000, 0x0000000087380000, 0x00000000d5f80000)
  object space 87552K, 9% used [0x0000000081e00000,0x0000000082663fe8,0x0000000087380000)
 Metaspace       used 17550K, capacity 18092K, committed 18432K, reserved 1064960K
  class space    used 2051K, capacity 2198K, committed 2304K, reserved 1048576K
Event: 3.761 GC heap after
Heap after GC invocations=5 (full 0):
 PSYoungGen      total 71680K, used 5112K [0x00000000d5f80000, 0x00000000daa80000, 0x0000000100000000)
  eden space 66560K, 0% used [0x00000000d5f80000,0x00000000d5f80000,0x00000000da080000)
  from space 5120K, 99% used [0x00000000da080000,0x00000000da57e030,0x00000000da580000)
  to   space 5120K, 0% used [0x00000000da580000,0x00000000da580000,0x00000000daa80000)
 ParOldGen       total 87552K, used 13110K [0x0000000081e00000, 0x0000000087380000, 0x00000000d5f80000)
  object space 87552K, 14% used [0x0000000081e00000,0x0000000082acda90,0x0000000087380000)
 Metaspace       used 17550K, capacity 18092K, committed 18432K, reserved 1064960K
  class space    used 2051K, capacity 2198K, committed 2304K, reserved 1048576K
}
Event: 4.073 GC heap before
{Heap before GC invocations=6 (full 0):
 PSYoungGen      total 71680K, used 29088K [0x00000000d5f80000, 0x00000000daa80000, 0x0000000100000000)
  eden space 66560K, 36% used [0x00000000d5f80000,0x00000000d76ea0c0,0x00000000da080000)
  from space 5120K, 99% used [0x00000000da080000,0x00000000da57e030,0x00000000da580000)
  to   space 5120K, 0% used [0x00000000da580000,0x00000000da580000,0x00000000daa80000)
 ParOldGen       total 87552K, used 13110K [0x0000000081e00000, 0x0000000087380000, 0x00000000d5f80000)
  object space 87552K, 14% used [0x0000000081e00000,0x0000000082acda90,0x0000000087380000)
 Metaspace       used 20757K, capacity 21252K, committed 21296K, reserved 1069056K
  class space    used 2454K, capacity 2590K, committed 2608K, reserved 1048576K
Event: 4.086 GC heap after
Heap after GC invocations=6 (full 0):
 PSYoungGen      total 71680K, used 5112K [0x00000000d5f80000, 0x00000000daa80000, 0x0000000100000000)
  eden space 66560K, 0% used [0x00000000d5f80000,0x00000000d5f80000,0x00000000da080000)
  from space 5120K, 99% used [0x00000000da580000,0x00000000daa7e030,0x00000000daa80000)
  to   space 5120K, 0% used [0x00000000da080000,0x00000000da080000,0x00000000da580000)
 ParOldGen       total 87552K, used 16457K [0x0000000081e00000, 0x0000000087380000, 0x00000000d5f80000)
  object space 87552K, 18% used [0x0000000081e00000,0x0000000082e12708,0x0000000087380000)
 Metaspace       used 20757K, capacity 21252K, committed 21296K, reserved 1069056K
  class space    used 2454K, capacity 2590K, committed 2608K, reserved 1048576K
}
Event: 4.086 GC heap before
{Heap before GC invocations=7 (full 1):
 PSYoungGen      total 71680K, used 5112K [0x00000000d5f80000, 0x00000000daa80000, 0x0000000100000000)
  eden space 66560K, 0% used [0x00000000d5f80000,0x00000000d5f80000,0x00000000da080000)
  from space 5120K, 99% used [0x00000000da580000,0x00000000daa7e030,0x00000000daa80000)
  to   space 5120K, 0% used [0x00000000da080000,0x00000000da080000,0x00000000da580000)
 ParOldGen       total 87552K, used 16457K [0x0000000081e00000, 0x0000000087380000, 0x00000000d5f80000)
  object space 87552K, 18% used [0x0000000081e00000,0x0000000082e12708,0x0000000087380000)
 Metaspace       used 20757K, capacity 21252K, committed 21296K, reserved 1069056K
  class space    used 2454K, capacity 2590K, committed 2608K, reserved 1048576K
Event: 4.165 GC heap after
Heap after GC invocations=7 (full 1):
 PSYoungGen      total 71680K, used 0K [0x00000000d5f80000, 0x00000000daa80000, 0x0000000100000000)
  eden space 66560K, 0% used [0x00000000d5f80000,0x00000000d5f80000,0x00000000da080000)
  from space 5120K, 0% used [0x00000000da580000,0x00000000da580000,0x00000000daa80000)
  to   space 5120K, 0% used [0x00000000da080000,0x00000000da080000,0x00000000da580000)
 ParOldGen       total 68608K, used 14235K [0x0000000081e00000, 0x0000000086100000, 0x00000000d5f80000)
  object space 68608K, 20% used [0x0000000081e00000,0x0000000082be6f88,0x0000000086100000)
 Metaspace       used 20757K, capacity 21252K, committed 21296K, reserved 1069056K
  class space    used 2454K, capacity 2590K, committed 2608K, reserved 1048576K
}
Event: 4.704 GC heap before
{Heap before GC invocations=8 (full 1):
 PSYoungGen      total 71680K, used 66560K [0x00000000d5f80000, 0x00000000daa80000, 0x0000000100000000)
  eden space 66560K, 100% used [0x00000000d5f80000,0x00000000da080000,0x00000000da080000)
  from space 5120K, 0% used [0x00000000da580000,0x00000000da580000,0x00000000daa80000)
  to   space 5120K, 0% used [0x00000000da080000,0x00000000da080000,0x00000000da580000)
 ParOldGen       total 68608K, used 14235K [0x0000000081e00000, 0x0000000086100000, 0x00000000d5f80000)
  object space 68608K, 20% used [0x0000000081e00000,0x0000000082be6f88,0x0000000086100000)
 Metaspace       used 23760K, capacity 24296K, committed 24496K, reserved 1071104K
  class space    used 2777K, capacity 2901K, committed 2992K, reserved 1048576K
Event: 4.714 GC heap after
Heap after GC invocations=8 (full 1):
 PSYoungGen      total 71680K, used 5092K [0x00000000d5f80000, 0x00000000dda00000, 0x0000000100000000)
  eden space 66560K, 0% used [0x00000000d5f80000,0x00000000d5f80000,0x00000000da080000)
  from space 5120K, 99% used [0x00000000da080000,0x00000000da579000,0x00000000da580000)
  to   space 12288K, 0% used [0x00000000dce00000,0x00000000dce00000,0x00000000dda00000)
 ParOldGen       total 68608K, used 21014K [0x0000000081e00000, 0x0000000086100000, 0x00000000d5f80000)
  object space 68608K, 30% used [0x0000000081e00000,0x0000000083285830,0x0000000086100000)
 Metaspace       used 23760K, capacity 24296K, committed 24496K, reserved 1071104K
  class space    used 2777K, capacity 2901K, committed 2992K, reserved 1048576K
}
Event: 4.921 GC heap before
{Heap before GC invocations=9 (full 1):
 PSYoungGen      total 71680K, used 71652K [0x00000000d5f80000, 0x00000000dda00000, 0x0000000100000000)
  eden space 66560K, 100% used [0x00000000d5f80000,0x00000000da080000,0x00000000da080000)
  from space 5120K, 99% used [0x00000000da080000,0x00000000da579000,0x00000000da580000)
  to   space 12288K, 0% used [0x00000000dce00000,0x00000000dce00000,0x00000000dda00000)
 ParOldGen       total 68608K, used 21014K [0x0000000081e00000, 0x0000000086100000, 0x00000000d5f80000)
  object space 68608K, 30% used [0x0000000081e00000,0x0000000083285830,0x0000000086100000)
 Metaspace       used 23776K, capacity 24296K, committed 24496K, reserved 1071104K
  class space    used 2777K, capacity 2901K, committed 2992K, reserved 1048576K
Event: 4.934 GC heap after
Heap after GC invocations=9 (full 1):
 PSYoungGen      total 78848K, used 12278K [0x00000000d5f80000, 0x00000000dda00000, 0x0000000100000000)
  eden space 66560K, 0% used [0x00000000d5f80000,0x00000000d5f80000,0x00000000da080000)
  from space 12288K, 99% used [0x00000000dce00000,0x00000000dd9fdb58,0x00000000dda00000)
  to   space 5120K, 0% used [0x00000000da080000,0x00000000da080000,0x00000000da580000)
 ParOldGen       total 68608K, used 24975K [0x0000000081e00000, 0x0000000086100000, 0x00000000d5f80000)
  object space 68608K, 36% used [0x0000000081e00000,0x0000000083663d10,0x0000000086100000)
 Metaspace       used 23776K, capacity 24296K, committed 24496K, reserved 1071104K
  class space    used 2777K, capacity 2901K, committed 2992K, reserved 1048576K
}

Deoptimization events (10 events):
Event: 4.418 Thread 0x000000001b33b800 Uncommon trap: reason=class_check action=maybe_recompile pc=0x000000000427e410 method=java.util.Hashtable.addEntry(ILjava/lang/Object;Ljava/lang/Object;I)V @ 38
Event: 4.436 Thread 0x000000001b33b800 Uncommon trap: reason=unstable_if action=reinterpret pc=0x0000000003774e78 method=com.sun.org.apache.xerces.internal.impl.XMLEntityScanner.peekChar()I @ 14
Event: 4.437 Thread 0x000000001b33b800 Uncommon trap: reason=unstable_if action=reinterpret pc=0x00000000042ae788 method=com.sun.org.apache.xerces.internal.impl.XMLEntityScanner.scanContent(Lcom/sun/org/apache/xerces/internal/xni/XMLString;)I @ 481
Event: 4.485 Thread 0x000000001b33b800 Uncommon trap: reason=unstable_if action=reinterpret pc=0x00000000040438d0 method=java.util.concurrent.ConcurrentHashMap.replaceNode(Ljava/lang/Object;Ljava/lang/Object;Ljava/lang/Object;)Ljava/lang/Object; @ 47
Event: 4.625 Thread 0x000000001b33b800 Uncommon trap: reason=unstable_if action=reinterpret pc=0x000000000395a28c method=java.util.LinkedHashMap.afterNodeAccess(Ljava/util/HashMap$Node;)V @ 14
Event: 4.727 Thread 0x000000001b33b800 Uncommon trap: reason=unstable_if action=reinterpret pc=0x00000000037bd948 method=java.util.LinkedHashMap.afterNodeAccess(Ljava/util/HashMap$Node;)V @ 14
Event: 4.741 Thread 0x000000001b33b800 Uncommon trap: reason=unstable_if action=reinterpret pc=0x000000000419d1c8 method=org.codehaus.plexus.classworlds.realm.Entry.matches(Ljava/lang/String;)Z @ 209
Event: 4.749 Thread 0x000000001b33b800 Uncommon trap: reason=unstable_if action=reinterpret pc=0x0000000003796c94 method=org.apache.tomcat.util.bcel.classfile.ConstantUtf8$1.removeEldestEntry(Ljava/util/Map$Entry;)Z @ 7
Event: 4.804 Thread 0x000000001b33b800 Uncommon trap: reason=unloaded action=reinterpret pc=0x0000000003b6d6c8 method=org.apache.tomcat.util.bcel.classfile.Attribute.readAttribute(Ljava/io/DataInputStream;Lorg/apache/tomcat/util/bcel/classfile/ConstantPool;)Lorg/apache/tomcat/util/bcel/classfil€4fe@
Event: 4.849 Thread 0x000000001b33b800 Uncommon trap: reason=unstable_if action=reinterpret pc=0x0000000003d3cad4 method=java.util.HashMap.removeNode(ILjava/lang/Object;Ljava/lang/Object;ZZ)Ljava/util/HashMap$Node; @ 71

Internal exceptions (10 events):
Event: 2.313 Thread 0x0000000002f20800 Exception <a 'java/lang/NullPointerException'> (0x00000000d684f3c0) thrown at [D:\re\workspace\8-2-build-windows-amd64-cygwin\jdk8u92\6642\hotspot\src\share\vm\interpreter\linkResolver.cpp, line 1178]
Event: 2.336 Thread 0x0000000002f20800 Implicit null exception at 0x000000000395e096 to 0x000000000395e3c5
Event: 2.336 Thread 0x0000000002f20800 Implicit null exception at 0x0000000003874256 to 0x0000000003874575
Event: 2.522 Thread 0x0000000002f20800 Implicit null exception at 0x0000000003a17815 to 0x0000000003a179ed
Event: 2.522 Thread 0x0000000002f20800 Implicit null exception at 0x00000000039c03ef to 0x00000000039c0459
Event: 2.541 Thread 0x0000000002f20800 Implicit null exception at 0x0000000003a8bb18 to 0x0000000003a8bba6
Event: 2.592 Thread 0x0000000002f20800 Implicit null exception at 0x0000000003ca97e1 to 0x0000000003caa949
Event: 3.917 Thread 0x0000000002f20800 Exception <a 'java/io/FileNotFoundException'> (0x00000000d6c1eeb8) thrown at [D:\re\workspace\8-2-build-windows-amd64-cygwin\jdk8u92\6642\hotspot\src\share\vm\prims\jni.cpp, line 709]
Event: 4.354 Thread 0x000000001b33b800 Implicit null exception at 0x0000000003f7a78b to 0x0000000003f7a851
Event: 4.484 Thread 0x000000001b33b800 Implicit null exception at 0x000000000404333b to 0x0000000004043899

Events (10 events):
Event: 4.937 Executing VM operation: RevokeBias
Event: 4.937 Executing VM operation: RevokeBias done
Event: 4.937 Executing VM operation: RevokeBias
Event: 4.937 Executing VM operation: RevokeBias done
Event: 4.937 Executing VM operation: RevokeBias
Event: 4.937 Executing VM operation: RevokeBias done
Event: 4.937 Executing VM operation: RevokeBias
Event: 4.937 Executing VM operation: RevokeBias done
Event: 4.937 Executing VM operation: RevokeBias
Event: 4.937 Executing VM operation: RevokeBias done


Dynamic libraries:
0x00007ff7e5850000 - 0x00007ff7e5887000 	C:\Java\jdk1.8.0_92\bin\javaw.exe
0x00007ffbdec40000 - 0x00007ffbdee2d000 	C:\WINDOWS\SYSTEM32\ntdll.dll
0x00007ffbdbe70000 - 0x00007ffbdbf23000 	C:\WINDOWS\System32\KERNEL32.DLL
0x00007ffbdad10000 - 0x00007ffbdafa3000 	C:\WINDOWS\System32\KERNELBASE.dll
0x00007ffbdc870000 - 0x00007ffbdc913000 	C:\WINDOWS\System32\ADVAPI32.dll
0x00007ffbdeb00000 - 0x00007ffbdeb9e000 	C:\WINDOWS\System32\msvcrt.dll
0x00007ffbdc2f0000 - 0x00007ffbdc38e000 	C:\WINDOWS\System32\sechost.dll
0x00007ffbdbfe0000 - 0x00007ffbdc102000 	C:\WINDOWS\System32\RPCRT4.dll
0x00007ffbde960000 - 0x00007ffbdeaf7000 	C:\WINDOWS\System32\USER32.dll
0x00007ffbdafb0000 - 0x00007ffbdafd0000 	C:\WINDOWS\System32\win32u.dll
0x00007ffbde630000 - 0x00007ffbde659000 	C:\WINDOWS\System32\GDI32.dll
0x00007ffbdb7a0000 - 0x00007ffbdb93a000 	C:\WINDOWS\System32\gdi32full.dll
0x00007ffbdbd50000 - 0x00007ffbdbdf0000 	C:\WINDOWS\System32\msvcp_win.dll
0x00007ffbdba70000 - 0x00007ffbdbb6a000 	C:\WINDOWS\System32\ucrtbase.dll
0x00007ffbd12d0000 - 0x00007ffbd1549000 	C:\WINDOWS\WinSxS\amd64_microsoft.windows.common-controls_6595b64144ccf1df_6.0.17763.503_none_05b23ef40721f4ae\COMCTL32.dll
0x00007ffbdcd90000 - 0x00007ffbdd0bc000 	C:\WINDOWS\System32\combase.dll
0x00007ffbdafd0000 - 0x00007ffbdb04e000 	C:\WINDOWS\System32\bcryptPrimitives.dll
0x00007ffbdc2a0000 - 0x00007ffbdc2ce000 	C:\WINDOWS\System32\IMM32.DLL
0x00000000638c0000 - 0x0000000063992000 	C:\Java\jdk1.8.0_92\jre\bin\msvcr100.dll
0x0000000063020000 - 0x00000000638b6000 	C:\Java\jdk1.8.0_92\jre\bin\server\jvm.dll
0x00007ffbdc290000 - 0x00007ffbdc298000 	C:\WINDOWS\System32\PSAPI.DLL
0x00007ffbcf700000 - 0x00007ffbcf724000 	C:\WINDOWS\SYSTEM32\WINMM.dll
0x00007ffbcf6d0000 - 0x00007ffbcf6fd000 	C:\WINDOWS\SYSTEM32\WINMMBASE.dll
0x00007ffbdb9f0000 - 0x00007ffbdba3a000 	C:\WINDOWS\System32\cfgmgr32.dll
0x00007ffbd9830000 - 0x00007ffbd9839000 	C:\WINDOWS\SYSTEM32\WSOCK32.dll
0x00007ffbd2760000 - 0x00007ffbd276a000 	C:\WINDOWS\SYSTEM32\VERSION.dll
0x00007ffbdcb40000 - 0x00007ffbdcbad000 	C:\WINDOWS\System32\WS2_32.dll
0x0000000063010000 - 0x000000006301f000 	C:\Java\jdk1.8.0_92\jre\bin\verify.dll
0x0000000062fe0000 - 0x0000000063009000 	C:\Java\jdk1.8.0_92\jre\bin\java.dll
0x0000000062fc0000 - 0x0000000062fd6000 	C:\Java\jdk1.8.0_92\jre\bin\zip.dll
0x00007ffbdd0c0000 - 0x00007ffbde5b0000 	C:\WINDOWS\System32\SHELL32.dll
0x00007ffbdc1e0000 - 0x00007ffbdc288000 	C:\WINDOWS\System32\shcore.dll
0x00007ffbdb050000 - 0x00007ffbdb79a000 	C:\WINDOWS\System32\windows.storage.dll
0x00007ffbdacc0000 - 0x00007ffbdace4000 	C:\WINDOWS\System32\profapi.dll
0x00007ffbdac40000 - 0x00007ffbdac9d000 	C:\WINDOWS\System32\powrprof.dll
0x00007ffbdeba0000 - 0x00007ffbdebf2000 	C:\WINDOWS\System32\shlwapi.dll
0x00007ffbdaca0000 - 0x00007ffbdacb1000 	C:\WINDOWS\System32\kernel.appcore.dll
0x00007ffbdbe50000 - 0x00007ffbdbe67000 	C:\WINDOWS\System32\cryptsp.dll
0x00007ffbda020000 - 0x00007ffbda053000 	C:\WINDOWS\system32\rsaenh.dll
0x00007ffbdba40000 - 0x00007ffbdba66000 	C:\WINDOWS\System32\bcrypt.dll
0x00007ffbdab40000 - 0x00007ffbdab68000 	C:\WINDOWS\SYSTEM32\USERENV.dll
0x00007ffbda630000 - 0x00007ffbda63c000 	C:\WINDOWS\SYSTEM32\CRYPTBASE.dll
0x0000000062230000 - 0x000000006224a000 	C:\Java\jdk1.8.0_92\jre\bin\net.dll
0x00007ffbda460000 - 0x00007ffbda4c7000 	C:\WINDOWS\system32\mswsock.dll
0x00007ffbda1c0000 - 0x00007ffbda1fd000 	C:\WINDOWS\SYSTEM32\IPHLPAPI.DLL
0x00007ffbdec00000 - 0x00007ffbdec08000 	C:\WINDOWS\System32\NSI.dll
0x00007ffbd4b60000 - 0x00007ffbd4b76000 	C:\WINDOWS\SYSTEM32\dhcpcsvc6.DLL
0x00007ffbd4ad0000 - 0x00007ffbd4aec000 	C:\WINDOWS\SYSTEM32\dhcpcsvc.DLL
0x00007ffbda210000 - 0x00007ffbda2d6000 	C:\WINDOWS\SYSTEM32\DNSAPI.dll
0x0000000061f60000 - 0x0000000061f71000 	C:\Java\jdk1.8.0_92\jre\bin\nio.dll
0x00007ffbd1bf0000 - 0x00007ffbd1bfa000 	C:\Users\pc\AppData\Local\Temp\jansi-1.16-4692649638706057101.dll
0x00007ffbd1be0000 - 0x00007ffbd1bea000 	C:\Users\pc\AppData\Local\Temp\jansi-1.16-6607903427444806798.dll
0x0000000063b00000 - 0x0000000063b0d000 	C:\Java\jdk1.8.0_92\jre\bin\management.dll

VM Arguments:
jvm_args: -Dmaven.home=D:\Developsoftware\apache-maven-3.5.2 -Dclassworlds.conf=D:\eclipse\pinyougou\.metadata\.plugins\org.eclipse.m2e.launching\launches\m2conf805039102835227527.tmp -Dmaven.multiModuleProjectDirectory=D:\eclipse\pinyougou\pinyougou-parent\pinyougou-user-web -Dfile.encoding=UTF-8 
java_command: org.codehaus.plexus.classworlds.launcher.Launcher -B -s D:\Developsoftware\apache-maven-3.5.2\conf\settings.xml tomcat7:run
java_class_path (initial): D:\Developsoftware\apache-maven-3.5.2\boot\plexus-classworlds-2.5.2.jar
Launcher Type: SUN_STANDARD

Environment Variables:
JAVA_HOME=C:\Java\jdk1.8.0_92
CLASSPATH=.;C:\Java\jdk1.8.0_92\lib\dt.jar;C:\Java\jdk1.8.0_92\lib\tools.jar;
PATH=C:/Java/jdk1.8.0_92/bin/../jre/bin/server;C:/Java/jdk1.8.0_92/bin/../jre/bin;C:/Java/jdk1.8.0_92/bin/../jre/lib/amd64;C:\Java\jdk1.8.0_92\bin;D:\Oracle\bin;C:\WINDOWS\system32;C:\WINDOWS;C:\WINDOWS\System32\Wbem;C:\WINDOWS\System32\WindowsPowerShell\v1.0\;D:\Program Files\bin;D:\Developsoftware\MySQL\bin;D:\Developsoftware\apache-maven-3.5.2\bin;C:\WINDOWS\System32\OpenSSH\;D:\Developsoftware\Git\cmd;C:\Program Files\TortoiseGit\bin;C:\Users\pc\AppData\Local\Microsoft\WindowsApps;;D:\Developsoftware\eclipse;
USERNAME=pc
OS=Windows_NT
PROCESSOR_IDENTIFIER=Intel64 Family 6 Model 94 Stepping 3, GenuineIntel



---------------  S Y S T E M  ---------------

OS: Windows 10.0 , 64 bit Build 17763 (10.0.17763.475)

CPU:total 4 (4 cores per cpu, 1 threads per core) family 6 model 94 stepping 3, cmov, cx8, fxsr, mmx, sse, sse2, sse3, ssse3, sse4.1, sse4.2, popcnt, avx, avx2, aes, clmul, erms, rtm, 3dnowpref, lzcnt, tsc, tscinvbit, bmi1, bmi2, adx

Memory: 4k page, physical 8258828k(2941696k free), swap 18812916k(5192k free)

vm_info: Java HotSpot(TM) 64-Bit Server VM (25.92-b14) for windows-amd64 JRE (1.8.0_92-b14), built on Mar 31 2016 21:03:04 by "java_re" with MS VC++ 10.0 (VS2010)

time: Thu May 30 21:01:39 2019
elapsed time: 5 seconds (0d 0h 0m 5s)

