#
# There is insufficient memory for the Java Runtime Environment to continue.
# Native memory allocation (malloc) failed to allocate 1266016 bytes for Chunk::new
# Possible reasons:
#   The system is out of physical RAM or swap space
#   In 32 bit mode, the process size limit was hit
# Possible solutions:
#   Reduce memory load on the system
#   Increase physical memory or swap space
#   Check if swap backing store is full
#   Use 64 bit Java on a 64 bit OS
#   Decrease Java heap size (-Xmx/-Xms)
#   Decrease number of Java threads
#   Decrease Java thread stack sizes (-Xss)
#   Set larger code cache with -XX:ReservedCodeCacheSize=
# This output file may be truncated or incomplete.
#
#  Out of Memory Error (allocation.cpp:390), pid=48780, tid=0x000000000000c36c
#
# JRE version: Java(TM) SE Runtime Environment (8.0_92-b14) (build 1.8.0_92-b14)
# Java VM: Java HotSpot(TM) 64-Bit Server VM (25.92-b14 mixed mode windows-amd64 compressed oops)
# Failed to write core dump. Minidumps are not enabled by default on client versions of Windows
#

---------------  T H R E A D  ---------------

Current thread (0x000000001763d000):  JavaThread "C2 CompilerThread1" daemon [_thread_in_native, id=50028, stack(0x0000000019040000,0x0000000019140000)]

Stack: [0x0000000019040000,0x0000000019140000]
[error occurred during error reporting (printing stack bounds), id 0xc0000005]

Native frames: (J=compiled Java code, j=interpreted, Vv=VM code, C=native code)


Current CompileTask:
C2:   6147 4132   !   4       org.apache.catalina.startup.ContextConfig::populateJavaClassCache (159 bytes)


---------------  P R O C E S S  ---------------

Java Threads: ( => current thread )
  0x000000001c28c000 JavaThread "localhost-startStop-1" daemon [_thread_in_vm, id=51888, stack(0x000000001e930000,0x000000001ea30000)]
  0x000000001ba5c000 JavaThread "Tomcat-startStop-1" daemon [_thread_blocked, id=31128, stack(0x000000001c490000,0x000000001c590000)]
  0x00000000189c0800 JavaThread "Service Thread" daemon [_thread_blocked, id=37052, stack(0x0000000019240000,0x0000000019340000)]
  0x0000000018953000 JavaThread "C1 CompilerThread2" daemon [_thread_in_native, id=37756, stack(0x0000000019140000,0x0000000019240000)]
=>0x000000001763d000 JavaThread "C2 CompilerThread1" daemon [_thread_in_native, id=50028, stack(0x0000000019040000,0x0000000019140000)]
  0x000000001763a000 JavaThread "C2 CompilerThread0" daemon [_thread_in_native, id=48928, stack(0x0000000018f40000,0x0000000019040000)]
  0x00000000175ef000 JavaThread "Attach Listener" daemon [_thread_blocked, id=39672, stack(0x0000000018e40000,0x0000000018f40000)]
  0x00000000175d9800 JavaThread "Signal Dispatcher" daemon [_thread_blocked, id=41424, stack(0x0000000018d40000,0x0000000018e40000)]
  0x0000000002abb800 JavaThread "Finalizer" daemon [_thread_blocked, id=45096, stack(0x0000000018840000,0x0000000018940000)]
  0x0000000002ab1000 JavaThread "Reference Handler" daemon [_thread_blocked, id=32044, stack(0x0000000018740000,0x0000000018840000)]
  0x00000000029c0800 JavaThread "main" [_thread_blocked, id=48012, stack(0x00000000028c0000,0x00000000029c0000)]

Other Threads:
  0x00000000175a7000 VMThread [stack: 0x0000000018640000,0x0000000018740000] [id=52984]
  0x0000000018a33000 WatcherThread [stack: 0x0000000019340000,0x0000000019440000] [id=45696]

VM state:not at safepoint (normal execution)

VM Mutex/Monitor currently owned by a thread: None

Heap:
 PSYoungGen      total 203776K, used 188571K [0x00000000d5f80000, 0x00000000e5080000, 0x0000000100000000)
  eden space 186880K, 91% used [0x00000000d5f80000,0x00000000e072e448,0x00000000e1600000)
  from space 16896K, 99% used [0x00000000e2d00000,0x00000000e3d78900,0x00000000e3d80000)
  to   space 23552K, 0% used [0x00000000e1600000,0x00000000e1600000,0x00000000e2d00000)
 ParOldGen       total 72704K, used 35227K [0x0000000081e00000, 0x0000000086500000, 0x00000000d5f80000)
  object space 72704K, 48% used [0x0000000081e00000,0x0000000084066fc8,0x0000000086500000)
 Metaspace       used 23802K, capacity 24344K, committed 24496K, reserved 1071104K
  class space    used 2780K, capacity 2935K, committed 2992K, reserved 1048576K

Card table byte_map: [0x0000000011e80000,0x0000000012280000] byte_map_base: 0x0000000011a71000

Marking Bits: (ParMarkBitMap*) 0x00000000638364f0
 Begin Bits: [0x0000000012930000, 0x00000000148b8000)
 End Bits:   [0x00000000148b8000, 0x0000000016840000)

Polling page: 0x00000000008a0000

CodeCache: size=245760Kb used=12394Kb max_used=14540Kb free=233365Kb
 bounds [0x0000000002ac0000, 0x0000000003930000, 0x0000000011ac0000]
 total_blobs=3981 nmethods=3575 adapters=318
 compilation: enabled

Compilation events (10 events):
Event: 6.088 Thread 0x0000000018953000 nmethod 4162 0x0000000002e36690 code [0x0000000002e367e0, 0x0000000002e368f0]
Event: 6.088 Thread 0x0000000018953000 4163       1       org.apache.catalina.deploy.SessionConfig::getCookieMaxAge (5 bytes)
Event: 6.088 Thread 0x0000000018953000 nmethod 4163 0x0000000002e4d850 code [0x0000000002e4d9a0, 0x0000000002e4dab0]
Event: 6.088 Thread 0x0000000018953000 4164       1       org.apache.catalina.deploy.WebXml::getTaglibs (5 bytes)
Event: 6.088 Thread 0x0000000018953000 nmethod 4164 0x000000000301f710 code [0x000000000301f860, 0x000000000301f970]
Event: 6.088 Thread 0x0000000018953000 4165       1       org.apache.catalina.deploy.WebXml::getPostConstructMethods (5 bytes)
Event: 6.088 Thread 0x0000000018953000 nmethod 4165 0x00000000030f2f90 code [0x00000000030f30e0, 0x00000000030f31f0]
Event: 6.088 Thread 0x0000000018953000 4166       1       org.apache.catalina.deploy.WebXml::getPreDestroyMethods (5 bytes)
Event: 6.088 Thread 0x0000000018953000 nmethod 4166 0x0000000002c95910 code [0x0000000002c95a60, 0x0000000002c95b70]
Event: 6.106 Thread 0x0000000018953000 4167   !   3       org.apache.catalina.loader.WebappClassLoader::findResourceInternal (1479 bytes)

GC Heap History (10 events):
Event: 3.690 GC heap before
{Heap before GC invocations=5 (full 0):
 PSYoungGen      total 71680K, used 71672K [0x00000000d5f80000, 0x00000000daa80000, 0x0000000100000000)
  eden space 66560K, 100% used [0x00000000d5f80000,0x00000000da080000,0x00000000da080000)
  from space 5120K, 99% used [0x00000000da580000,0x00000000daa7e010,0x00000000daa80000)
  to   space 5120K, 0% used [0x00000000da080000,0x00000000da080000,0x00000000da580000)
 ParOldGen       total 87552K, used 8841K [0x0000000081e00000, 0x0000000087380000, 0x00000000d5f80000)
  object space 87552K, 10% used [0x0000000081e00000,0x00000000826a2648,0x0000000087380000)
 Metaspace       used 17426K, capacity 17932K, committed 18048K, reserved 1064960K
  class space    used 2033K, capacity 2160K, committed 2176K, reserved 1048576K
Event: 3.703 GC heap after
Heap after GC invocations=5 (full 0):
 PSYoungGen      total 71680K, used 5112K [0x00000000d5f80000, 0x00000000df580000, 0x0000000100000000)
  eden space 66560K, 0% used [0x00000000d5f80000,0x00000000d5f80000,0x00000000da080000)
  from space 5120K, 99% used [0x00000000da080000,0x00000000da57e030,0x00000000da580000)
  to   space 10240K, 0% used [0x00000000deb80000,0x00000000deb80000,0x00000000df580000)
 ParOldGen       total 87552K, used 13184K [0x0000000081e00000, 0x0000000087380000, 0x00000000d5f80000)
  object space 87552K, 15% used [0x0000000081e00000,0x0000000082ae01a0,0x0000000087380000)
 Metaspace       used 17426K, capacity 17932K, committed 18048K, reserved 1064960K
  class space    used 2033K, capacity 2160K, committed 2176K, reserved 1048576K
}
Event: 4.095 GC heap before
{Heap before GC invocations=6 (full 0):
 PSYoungGen      total 71680K, used 36941K [0x00000000d5f80000, 0x00000000df580000, 0x0000000100000000)
  eden space 66560K, 47% used [0x00000000d5f80000,0x00000000d7e95570,0x00000000da080000)
  from space 5120K, 99% used [0x00000000da080000,0x00000000da57e030,0x00000000da580000)
  to   space 10240K, 0% used [0x00000000deb80000,0x00000000deb80000,0x00000000df580000)
 ParOldGen       total 87552K, used 13184K [0x0000000081e00000, 0x0000000087380000, 0x00000000d5f80000)
  object space 87552K, 15% used [0x0000000081e00000,0x0000000082ae01a0,0x0000000087380000)
 Metaspace       used 20753K, capacity 21264K, committed 21296K, reserved 1069056K
  class space    used 2455K, capacity 2592K, committed 2608K, reserved 1048576K
Event: 4.112 GC heap after
Heap after GC invocations=6 (full 0):
 PSYoungGen      total 142848K, used 9195K [0x00000000d5f80000, 0x00000000df680000, 0x0000000100000000)
  eden space 132608K, 0% used [0x00000000d5f80000,0x00000000d5f80000,0x00000000de100000)
  from space 10240K, 89% used [0x00000000deb80000,0x00000000df47ade0,0x00000000df580000)
  to   space 10752K, 0% used [0x00000000de100000,0x00000000de100000,0x00000000deb80000)
 ParOldGen       total 87552K, used 13192K [0x0000000081e00000, 0x0000000087380000, 0x00000000d5f80000)
  object space 87552K, 15% used [0x0000000081e00000,0x0000000082ae21a0,0x0000000087380000)
 Metaspace       used 20753K, capacity 21264K, committed 21296K, reserved 1069056K
  class space    used 2455K, capacity 2592K, committed 2608K, reserved 1048576K
}
Event: 4.112 GC heap before
{Heap before GC invocations=7 (full 1):
 PSYoungGen      total 142848K, used 9195K [0x00000000d5f80000, 0x00000000df680000, 0x0000000100000000)
  eden space 132608K, 0% used [0x00000000d5f80000,0x00000000d5f80000,0x00000000de100000)
  from space 10240K, 89% used [0x00000000deb80000,0x00000000df47ade0,0x00000000df580000)
  to   space 10752K, 0% used [0x00000000de100000,0x00000000de100000,0x00000000deb80000)
 ParOldGen       total 87552K, used 13192K [0x0000000081e00000, 0x0000000087380000, 0x00000000d5f80000)
  object space 87552K, 15% used [0x0000000081e00000,0x0000000082ae21a0,0x0000000087380000)
 Metaspace       used 20753K, capacity 21264K, committed 21296K, reserved 1069056K
  class space    used 2455K, capacity 2592K, committed 2608K, reserved 1048576K
Event: 4.217 GC heap after
Heap after GC invocations=7 (full 1):
 PSYoungGen      total 142848K, used 0K [0x00000000d5f80000, 0x00000000df680000, 0x0000000100000000)
  eden space 132608K, 0% used [0x00000000d5f80000,0x00000000d5f80000,0x00000000de100000)
  from space 10240K, 0% used [0x00000000deb80000,0x00000000deb80000,0x00000000df580000)
  to   space 10752K, 0% used [0x00000000de100000,0x00000000de100000,0x00000000deb80000)
 ParOldGen       total 72704K, used 15365K [0x0000000081e00000, 0x0000000086500000, 0x00000000d5f80000)
  object space 72704K, 21% used [0x0000000081e00000,0x0000000082d01720,0x0000000086500000)
 Metaspace       used 20753K, capacity 21264K, committed 21296K, reserved 1069056K
  class space    used 2455K, capacity 2592K, committed 2608K, reserved 1048576K
}
Event: 5.039 GC heap before
{Heap before GC invocations=8 (full 1):
 PSYoungGen      total 142848K, used 132608K [0x00000000d5f80000, 0x00000000df680000, 0x0000000100000000)
  eden space 132608K, 100% used [0x00000000d5f80000,0x00000000de100000,0x00000000de100000)
  from space 10240K, 0% used [0x00000000deb80000,0x00000000deb80000,0x00000000df580000)
  to   space 10752K, 0% used [0x00000000de100000,0x00000000de100000,0x00000000deb80000)
 ParOldGen       total 72704K, used 15365K [0x0000000081e00000, 0x0000000086500000, 0x00000000d5f80000)
  object space 72704K, 21% used [0x0000000081e00000,0x0000000082d01720,0x0000000086500000)
 Metaspace       used 23792K, capacity 24344K, committed 24496K, reserved 1071104K
  class space    used 2780K, capacity 2935K, committed 2992K, reserved 1048576K
Event: 5.060 GC heap after
Heap after GC invocations=8 (full 1):
 PSYoungGen      total 143360K, used 10726K [0x00000000d5f80000, 0x00000000e3d80000, 0x0000000100000000)
  eden space 132608K, 0% used [0x00000000d5f80000,0x00000000d5f80000,0x00000000de100000)
  from space 10752K, 99% used [0x00000000de100000,0x00000000deb79be8,0x00000000deb80000)
  to   space 16896K, 0% used [0x00000000e2d00000,0x00000000e2d00000,0x00000000e3d80000)
 ParOldGen       total 72704K, used 24994K [0x0000000081e00000, 0x0000000086500000, 0x00000000d5f80000)
  object space 72704K, 34% used [0x0000000081e00000,0x0000000083668880,0x0000000086500000)
 Metaspace       used 23792K, capacity 24344K, committed 24496K, reserved 1071104K
  class space    used 2780K, capacity 2935K, committed 2992K, reserved 1048576K
}
Event: 5.606 GC heap before
{Heap before GC invocations=9 (full 1):
 PSYoungGen      total 143360K, used 143334K [0x00000000d5f80000, 0x00000000e3d80000, 0x0000000100000000)
  eden space 132608K, 100% used [0x00000000d5f80000,0x00000000de100000,0x00000000de100000)
  from space 10752K, 99% used [0x00000000de100000,0x00000000deb79be8,0x00000000deb80000)
  to   space 16896K, 0% used [0x00000000e2d00000,0x00000000e2d00000,0x00000000e3d80000)
 ParOldGen       total 72704K, used 24994K [0x0000000081e00000, 0x0000000086500000, 0x00000000d5f80000)
  object space 72704K, 34% used [0x0000000081e00000,0x0000000083668880,0x0000000086500000)
 Metaspace       used 23799K, capacity 24344K, committed 24496K, reserved 1071104K
  class space    used 2780K, capacity 2935K, committed 2992K, reserved 1048576K
Event: 5.627 GC heap after
Heap after GC invocations=9 (full 1):
 PSYoungGen      total 203776K, used 16866K [0x00000000d5f80000, 0x00000000e5080000, 0x0000000100000000)
  eden space 186880K, 0% used [0x00000000d5f80000,0x00000000d5f80000,0x00000000e1600000)
  from space 16896K, 99% used [0x00000000e2d00000,0x00000000e3d78900,0x00000000e3d80000)
  to   space 23552K, 0% used [0x00000000e1600000,0x00000000e1600000,0x00000000e2d00000)
 ParOldGen       total 72704K, used 35227K [0x0000000081e00000, 0x0000000086500000, 0x00000000d5f80000)
  object space 72704K, 48% used [0x0000000081e00000,0x0000000084066fc8,0x0000000086500000)
 Metaspace       used 23799K, capacity 24344K, committed 24496K, reserved 1071104K
  class space    used 2780K, capacity 2935K, committed 2992K, reserved 1048576K
}

Deoptimization events (10 events):
Event: 4.449 Thread 0x000000001c28c000 Uncommon trap: reason=unstable_if action=reinterpret pc=0x0000000003633248 method=java.nio.charset.CharsetDecoder.decode(Ljava/nio/ByteBuffer;Ljava/nio/CharBuffer;Z)Ljava/nio/charset/CoderResult; @ 1
Event: 4.464 Thread 0x000000001c28c000 Uncommon trap: reason=unstable_if action=reinterpret pc=0x0000000002cbb704 method=java.util.HashMap.putVal(ILjava/lang/Object;Ljava/lang/Object;ZZ)Ljava/lang/Object; @ 193
Event: 4.464 Thread 0x000000001c28c000 Uncommon trap: reason=unstable_if action=reinterpret pc=0x0000000002ce01ac method=sun.misc.URLClassPath$JarLoader.getResource(Ljava/lang/String;Z)Lsun/misc/Resource; @ 62
Event: 4.476 Thread 0x000000001c28c000 Uncommon trap: reason=class_check action=maybe_recompile pc=0x000000000315b764 method=java.util.Hashtable.addEntry(ILjava/lang/Object;Ljava/lang/Object;I)V @ 38
Event: 4.484 Thread 0x000000001c28c000 Uncommon trap: reason=unstable_if action=reinterpret pc=0x000000000377c938 method=com.sun.org.apache.xerces.internal.impl.XMLEntityScanner.peekChar()I @ 14
Event: 4.541 Thread 0x000000001c28c000 Uncommon trap: reason=unstable_if action=reinterpret pc=0x000000000346f310 method=java.util.concurrent.ConcurrentHashMap.replaceNode(Ljava/lang/Object;Ljava/lang/Object;Ljava/lang/Object;)Ljava/lang/Object; @ 47
Event: 4.594 Thread 0x000000001c28c000 Uncommon trap: reason=unstable_if action=reinterpret pc=0x0000000003768228 method=org.codehaus.plexus.classworlds.realm.Entry.matches(Ljava/lang/String;)Z @ 209
Event: 5.068 Thread 0x000000001c28c000 Uncommon trap: reason=unloaded action=reinterpret pc=0x0000000003891c9c method=org.apache.tomcat.util.bcel.classfile.Attribute.readAttribute(Ljava/io/DataInputStream;Lorg/apache/tomcat/util/bcel/classfile/ConstantPool;)Lorg/apache/tomcat/util/bcel/classfil¶m°Ë#@
Event: 5.285 Thread 0x000000001c28c000 Uncommon trap: reason=unstable_if action=reinterpret pc=0x0000000003814b68 method=java.util.HashMap.removeNode(ILjava/lang/Object;Ljava/lang/Object;ZZ)Ljava/util/HashMap$Node; @ 71
Event: 5.414 Thread 0x000000001c28c000 Uncommon trap: reason=unstable_if action=reinterpret pc=0x0000000003903dec method=java.util.HashMap.removeNode(ILjava/lang/Object;Ljava/lang/Object;ZZ)Ljava/util/HashMap$Node; @ 71

Internal exceptions (10 events):
Event: 2.278 Thread 0x00000000029c0800 Implicit null exception at 0x0000000002d2d2d6 to 0x0000000002d2d605
Event: 2.278 Thread 0x00000000029c0800 Implicit null exception at 0x0000000002ce9e16 to 0x0000000002cea135
Event: 2.442 Thread 0x00000000029c0800 Implicit null exception at 0x0000000002e964d5 to 0x0000000002e966ad
Event: 2.442 Thread 0x00000000029c0800 Implicit null exception at 0x0000000002e541af to 0x0000000002e54219
Event: 2.461 Thread 0x00000000029c0800 Implicit null exception at 0x0000000002fd3e5b to 0x0000000002fd42c5
Event: 2.479 Thread 0x00000000029c0800 Implicit null exception at 0x00000000030f71dd to 0x00000000030f8365
Event: 3.938 Thread 0x00000000029c0800 Exception <a 'java/io/FileNotFoundException'> (0x00000000d733bf58) thrown at [D:\re\workspace\8-2-build-windows-amd64-cygwin\jdk8u92\6642\hotspot\src\share\vm\prims\jni.cpp, line 709]
Event: 4.409 Thread 0x000000001c28c000 Implicit null exception at 0x000000000351594b to 0x0000000003515a11
Event: 4.541 Thread 0x000000001c28c000 Implicit null exception at 0x000000000346ed7b to 0x000000000346f2d9
Event: 6.111 Thread 0x000000001c28c000 Exception <a 'java/lang/OutOfMemoryError'> (0x00000000e06f0498) thrown at [D:\re\workspace\8-2-build-windows-amd64-cygwin\jdk8u92\6642\hotspot\src\share\vm\prims\jni.cpp, line 735]

Events (10 events):
Event: 5.657 Thread 0x0000000018953000 flushing nmethod 0x00000000036c5910
Event: 5.657 Thread 0x0000000018953000 flushing nmethod 0x00000000036c6110
Event: 5.657 Thread 0x0000000018953000 flushing nmethod 0x00000000036c88d0
Event: 5.769 Executing VM operation: RevokeBias
Event: 5.769 Executing VM operation: RevokeBias done
Event: 5.798 Executing VM operation: RevokeBias
Event: 5.798 Executing VM operation: RevokeBias done
Event: 6.070 Executing VM operation: RevokeBias
Event: 6.070 Executing VM operation: RevokeBias done
Event: 6.111 loading class java/util/zip/DataFormatException


Dynamic libraries:
0x00007ff7e5850000 - 0x00007ff7e5887000 	C:\Java\jdk1.8.0_92\bin\javaw.exe
0x00007ffbdec40000 - 0x00007ffbdee2d000 	C:\WINDOWS\SYSTEM32\ntdll.dll
0x00007ffbdbe70000 - 0x00007ffbdbf23000 	C:\WINDOWS\System32\KERNEL32.DLL
0x00007ffbdad10000 - 0x00007ffbdafa3000 	C:\WINDOWS\System32\KERNELBASE.dll
0x00007ffbdc870000 - 0x00007ffbdc913000 	C:\WINDOWS\System32\ADVAPI32.dll
0x00007ffbdeb00000 - 0x00007ffbdeb9e000 	C:\WINDOWS\System32\msvcrt.dll
0x00007ffbdc2f0000 - 0x00007ffbdc38e000 	C:\WINDOWS\System32\sechost.dll
0x00007ffbdbfe0000 - 0x00007ffbdc102000 	C:\WINDOWS\System32\RPCRT4.dll
0x00007ffbde960000 - 0x00007ffbdeaf7000 	C:\WINDOWS\System32\USER32.dll
0x00007ffbdafb0000 - 0x00007ffbdafd0000 	C:\WINDOWS\System32\win32u.dll
0x00007ffbde630000 - 0x00007ffbde659000 	C:\WINDOWS\System32\GDI32.dll
0x00007ffbdb7a0000 - 0x00007ffbdb93a000 	C:\WINDOWS\System32\gdi32full.dll
0x00007ffbdbd50000 - 0x00007ffbdbdf0000 	C:\WINDOWS\System32\msvcp_win.dll
0x00007ffbdba70000 - 0x00007ffbdbb6a000 	C:\WINDOWS\System32\ucrtbase.dll
0x00007ffbd12d0000 - 0x00007ffbd1549000 	C:\WINDOWS\WinSxS\amd64_microsoft.windows.common-controls_6595b64144ccf1df_6.0.17763.503_none_05b23ef40721f4ae\COMCTL32.dll
0x00007ffbdcd90000 - 0x00007ffbdd0bc000 	C:\WINDOWS\System32\combase.dll
0x00007ffbdafd0000 - 0x00007ffbdb04e000 	C:\WINDOWS\System32\bcryptPrimitives.dll
0x00007ffbdc2a0000 - 0x00007ffbdc2ce000 	C:\WINDOWS\System32\IMM32.DLL
0x00000000638c0000 - 0x0000000063992000 	C:\Java\jdk1.8.0_92\jre\bin\msvcr100.dll
0x0000000063020000 - 0x00000000638b6000 	C:\Java\jdk1.8.0_92\jre\bin\server\jvm.dll
0x00007ffbdc290000 - 0x00007ffbdc298000 	C:\WINDOWS\System32\PSAPI.DLL
0x00007ffbd2760000 - 0x00007ffbd276a000 	C:\WINDOWS\SYSTEM32\VERSION.dll
0x00007ffbd9830000 - 0x00007ffbd9839000 	C:\WINDOWS\SYSTEM32\WSOCK32.dll
0x00007ffbcf700000 - 0x00007ffbcf724000 	C:\WINDOWS\SYSTEM32\WINMM.dll
0x00007ffbdcb40000 - 0x00007ffbdcbad000 	C:\WINDOWS\System32\WS2_32.dll
0x00007ffbcf6d0000 - 0x00007ffbcf6fd000 	C:\WINDOWS\SYSTEM32\winmmbase.dll
0x00007ffbdb9f0000 - 0x00007ffbdba3a000 	C:\WINDOWS\System32\cfgmgr32.dll
0x0000000063010000 - 0x000000006301f000 	C:\Java\jdk1.8.0_92\jre\bin\verify.dll
0x0000000062fe0000 - 0x0000000063009000 	C:\Java\jdk1.8.0_92\jre\bin\java.dll
0x0000000062fc0000 - 0x0000000062fd6000 	C:\Java\jdk1.8.0_92\jre\bin\zip.dll
0x00007ffbdd0c0000 - 0x00007ffbde5b0000 	C:\WINDOWS\System32\SHELL32.dll
0x00007ffbdc1e0000 - 0x00007ffbdc288000 	C:\WINDOWS\System32\shcore.dll
0x00007ffbdb050000 - 0x00007ffbdb79a000 	C:\WINDOWS\System32\windows.storage.dll
0x00007ffbdacc0000 - 0x00007ffbdace4000 	C:\WINDOWS\System32\profapi.dll
0x00007ffbdac40000 - 0x00007ffbdac9d000 	C:\WINDOWS\System32\powrprof.dll
0x00007ffbdeba0000 - 0x00007ffbdebf2000 	C:\WINDOWS\System32\shlwapi.dll
0x00007ffbdaca0000 - 0x00007ffbdacb1000 	C:\WINDOWS\System32\kernel.appcore.dll
0x00007ffbdbe50000 - 0x00007ffbdbe67000 	C:\WINDOWS\System32\cryptsp.dll
0x00007ffbda020000 - 0x00007ffbda053000 	C:\WINDOWS\system32\rsaenh.dll
0x00007ffbdba40000 - 0x00007ffbdba66000 	C:\WINDOWS\System32\bcrypt.dll
0x00007ffbdab40000 - 0x00007ffbdab68000 	C:\WINDOWS\SYSTEM32\USERENV.dll
0x00007ffbda630000 - 0x00007ffbda63c000 	C:\WINDOWS\SYSTEM32\CRYPTBASE.dll
0x0000000062230000 - 0x000000006224a000 	C:\Java\jdk1.8.0_92\jre\bin\net.dll
0x00007ffbda460000 - 0x00007ffbda4c7000 	C:\WINDOWS\system32\mswsock.dll
0x00007ffbda1c0000 - 0x00007ffbda1fd000 	C:\WINDOWS\SYSTEM32\IPHLPAPI.DLL
0x00007ffbdec00000 - 0x00007ffbdec08000 	C:\WINDOWS\System32\NSI.dll
0x00007ffbd4b60000 - 0x00007ffbd4b76000 	C:\WINDOWS\SYSTEM32\dhcpcsvc6.DLL
0x00007ffbd4ad0000 - 0x00007ffbd4aec000 	C:\WINDOWS\SYSTEM32\dhcpcsvc.DLL
0x00007ffbda210000 - 0x00007ffbda2d6000 	C:\WINDOWS\SYSTEM32\DNSAPI.dll
0x0000000061f60000 - 0x0000000061f71000 	C:\Java\jdk1.8.0_92\jre\bin\nio.dll
0x00007ffbd44f0000 - 0x00007ffbd44fa000 	C:\Users\pc\AppData\Local\Temp\jansi-1.16-1678697713483233185.dll
0x00007ffbd2130000 - 0x00007ffbd213a000 	C:\Users\pc\AppData\Local\Temp\jansi-1.16-1073224842422534457.dll
0x0000000063b00000 - 0x0000000063b0d000 	C:\Java\jdk1.8.0_92\jre\bin\management.dll

VM Arguments:
jvm_args: -Dmaven.home=D:\Developsoftware\apache-maven-3.5.2 -Dclassworlds.conf=D:\eclipse\pinyougou\.metadata\.plugins\org.eclipse.m2e.launching\launches\m2conf4150531073261289043.tmp -Dmaven.multiModuleProjectDirectory=D:\eclipse\pinyougou\pinyougou-parent\pinyougou-user-service -Dfile.encoding=UTF-8 
java_command: org.codehaus.plexus.classworlds.launcher.Launcher -B -s D:\Developsoftware\apache-maven-3.5.2\conf\settings.xml tomcat7:run
java_class_path (initial): D:\Developsoftware\apache-maven-3.5.2\boot\plexus-classworlds-2.5.2.jar
Launcher Type: SUN_STANDARD

Environment Variables:
JAVA_HOME=C:\Java\jdk1.8.0_92
CLASSPATH=.;C:\Java\jdk1.8.0_92\lib\dt.jar;C:\Java\jdk1.8.0_92\lib\tools.jar;
PATH=C:/Java/jdk1.8.0_92/bin/../jre/bin/server;C:/Java/jdk1.8.0_92/bin/../jre/bin;C:/Java/jdk1.8.0_92/bin/../jre/lib/amd64;C:\Java\jdk1.8.0_92\bin;D:\Oracle\bin;C:\WINDOWS\system32;C:\WINDOWS;C:\WINDOWS\System32\Wbem;C:\WINDOWS\System32\WindowsPowerShell\v1.0\;D:\Program Files\bin;D:\Developsoftware\MySQL\bin;D:\Developsoftware\apache-maven-3.5.2\bin;C:\WINDOWS\System32\OpenSSH\;D:\Developsoftware\Git\cmd;C:\Program Files\TortoiseGit\bin;C:\Users\pc\AppData\Local\Microsoft\WindowsApps;;D:\Developsoftware\eclipse;
USERNAME=pc
OS=Windows_NT
PROCESSOR_IDENTIFIER=Intel64 Family 6 Model 94 Stepping 3, GenuineIntel



---------------  S Y S T E M  ---------------

OS: Windows 10.0 , 64 bit Build 17763 (10.0.17763.475)

CPU:total 4 (4 cores per cpu, 1 threads per core) family 6 model 94 stepping 3, cmov, cx8, fxsr, mmx, sse, sse2, sse3, ssse3, sse4.1, sse4.2, popcnt, avx, avx2, aes, clmul, erms, rtm, 3dnowpref, lzcnt, tsc, tscinvbit, bmi1, bmi2, adx

Memory: 4k page, physical 8258828k(1609120k free), swap 18812916k(3460k free)

vm_info: Java HotSpot(TM) 64-Bit Server VM (25.92-b14) for windows-amd64 JRE (1.8.0_92-b14), built on Mar 31 2016 21:03:04 by "java_re" with MS VC++ 10.0 (VS2010)

time: Thu May 30 20:58:25 2019
elapsed time: 6 seconds (0d 0h 0m 6s)

